restartedMain  INFO [2018-07-17 15:28:53,704] CalendarAPI.CalendarApiApplication - Starting CalendarApiApplication on ALPTDESAI7136 with PID 6972 (C:\Users\TDesai\CalendarAPI\CalendarAPI\target\classes started by TDesai in C:\Users\TDesai\CalendarAPI\CalendarAPI)
restartedMain  INFO [2018-07-17 15:28:53,709] CalendarAPI.CalendarApiApplication - No active profile set, falling back to default profiles: default
restartedMain  INFO [2018-07-17 15:29:00,676] CalendarAPI.CalendarApiApplication - Started CalendarApiApplication in 7.431 seconds (JVM running for 8.622)
restartedMain  INFO [2018-07-17 16:01:28,627] CalendarAPI.CalendarApiApplication - Starting CalendarApiApplication on ALPTDESAI7136 with PID 4960 (C:\Users\TDesai\CalendarAPI\CalendarAPI\target\classes started by TDesai in C:\Users\TDesai\CalendarAPI\CalendarAPI)
restartedMain  INFO [2018-07-17 16:01:28,632] CalendarAPI.CalendarApiApplication - No active profile set, falling back to default profiles: default
restartedMain  INFO [2018-07-17 16:01:35,423] CalendarAPI.CalendarApiApplication - Started CalendarApiApplication in 7.192 seconds (JVM running for 8.517)
restartedMain  INFO [2018-07-17 16:11:39,291] CalendarAPI.CalendarApiApplication - Starting CalendarApiApplication on ALPTDESAI7136 with PID 8908 (C:\Users\TDesai\CalendarAPI\CalendarAPI\target\classes started by TDesai in C:\Users\TDesai\CalendarAPI\CalendarAPI)
restartedMain  INFO [2018-07-17 16:11:39,296] CalendarAPI.CalendarApiApplication - No active profile set, falling back to default profiles: default
restartedMain  INFO [2018-07-17 16:11:46,332] CalendarAPI.CalendarApiApplication - Started CalendarApiApplication in 7.563 seconds (JVM running for 8.847)
restartedMain  INFO [2018-07-17 16:22:07,744] CalendarAPI.CalendarApiApplication - Starting CalendarApiApplication on ALPTDESAI7136 with PID 7108 (C:\Users\TDesai\CalendarAPI\CalendarAPI\target\classes started by TDesai in C:\Users\TDesai\CalendarAPI\CalendarAPI)
restartedMain  INFO [2018-07-17 16:22:07,748] CalendarAPI.CalendarApiApplication - No active profile set, falling back to default profiles: default
restartedMain  INFO [2018-07-17 16:22:14,439] CalendarAPI.CalendarApiApplication - Started CalendarApiApplication in 7.254 seconds (JVM running for 8.475)
restartedMain  INFO [2018-07-17 16:37:52,580] CalendarAPI.CalendarApiApplication - Starting CalendarApiApplication on ALPTDESAI7136 with PID 1180 (C:\Users\TDesai\CalendarAPI\CalendarAPI\target\classes started by TDesai in C:\Users\TDesai\CalendarAPI\CalendarAPI)
restartedMain  INFO [2018-07-17 16:37:52,584] CalendarAPI.CalendarApiApplication - No active profile set, falling back to default profiles: default
restartedMain  INFO [2018-07-17 16:37:59,048] CalendarAPI.CalendarApiApplication - Started CalendarApiApplication in 6.931 seconds (JVM running for 8.008)
restartedMain  INFO [2018-07-17 16:39:58,291] CalendarAPI.CalendarApiApplication - Starting CalendarApiApplication on ALPTDESAI7136 with PID 9408 (C:\Users\TDesai\CalendarAPI\CalendarAPI\target\classes started by TDesai in C:\Users\TDesai\CalendarAPI\CalendarAPI)
restartedMain  INFO [2018-07-17 16:39:58,295] CalendarAPI.CalendarApiApplication - No active profile set, falling back to default profiles: default
restartedMain  INFO [2018-07-17 16:40:04,835] CalendarAPI.CalendarApiApplication - Started CalendarApiApplication in 6.994 seconds (JVM running for 8.21)
restartedMain  INFO [2018-07-17 16:44:21,383] CalendarAPI.CalendarApiApplication - Starting CalendarApiApplication on ALPTDESAI7136 with PID 11124 (C:\Users\TDesai\CalendarAPI\CalendarAPI\target\classes started by TDesai in C:\Users\TDesai\CalendarAPI\CalendarAPI)
restartedMain  INFO [2018-07-17 16:44:21,388] CalendarAPI.CalendarApiApplication - No active profile set, falling back to default profiles: default
restartedMain  INFO [2018-07-17 16:44:27,905] CalendarAPI.CalendarApiApplication - Started CalendarApiApplication in 7.138 seconds (JVM running for 8.43)
restartedMain  INFO [2018-07-17 16:46:31,597] CalendarAPI.CalendarApiApplication - Starting CalendarApiApplication on ALPTDESAI7136 with PID 9996 (C:\Users\TDesai\CalendarAPI\CalendarAPI\target\classes started by TDesai in C:\Users\TDesai\CalendarAPI\CalendarAPI)
restartedMain  INFO [2018-07-17 16:46:31,605] CalendarAPI.CalendarApiApplication - No active profile set, falling back to default profiles: default
restartedMain  INFO [2018-07-17 16:46:38,455] CalendarAPI.CalendarApiApplication - Started CalendarApiApplication in 7.291 seconds (JVM running for 8.541)
restartedMain  INFO [2018-07-17 16:48:09,879] CalendarAPI.CalendarApiApplication - Starting CalendarApiApplication on ALPTDESAI7136 with PID 7744 (C:\Users\TDesai\CalendarAPI\CalendarAPI\target\classes started by TDesai in C:\Users\TDesai\CalendarAPI\CalendarAPI)
restartedMain  INFO [2018-07-17 16:48:09,883] CalendarAPI.CalendarApiApplication - No active profile set, falling back to default profiles: default
restartedMain  INFO [2018-07-17 16:50:49,898] CalendarAPI.CalendarApiApplication - Starting CalendarApiApplication on ALPTDESAI7136 with PID 7940 (C:\Users\TDesai\CalendarAPI\CalendarAPI\target\classes started by TDesai in C:\Users\TDesai\CalendarAPI\CalendarAPI)
restartedMain  INFO [2018-07-17 16:50:49,903] CalendarAPI.CalendarApiApplication - No active profile set, falling back to default profiles: default
restartedMain  INFO [2018-07-17 16:54:09,261] CalendarAPI.CalendarApiApplication - Starting CalendarApiApplication on ALPTDESAI7136 with PID 7772 (C:\Users\TDesai\CalendarAPI\CalendarAPI\target\classes started by TDesai in C:\Users\TDesai\CalendarAPI\CalendarAPI)
restartedMain  INFO [2018-07-17 16:54:09,266] CalendarAPI.CalendarApiApplication - No active profile set, falling back to default profiles: default
restartedMain  INFO [2018-07-17 16:54:36,492] CalendarAPI.CalendarApiApplication - Starting CalendarApiApplication on ALPTDESAI7136 with PID 11200 (C:\Users\TDesai\CalendarAPI\CalendarAPI\target\classes started by TDesai in C:\Users\TDesai\CalendarAPI\CalendarAPI)
restartedMain  INFO [2018-07-17 16:54:36,497] CalendarAPI.CalendarApiApplication - No active profile set, falling back to default profiles: default
restartedMain  INFO [2018-07-17 16:54:43,337] CalendarAPI.CalendarApiApplication - Started CalendarApiApplication in 7.267 seconds (JVM running for 8.378)
restartedMain  INFO [2018-07-17 16:54:55,774] CalendarAPI.CalendarApiApplication - Starting CalendarApiApplication on ALPTDESAI7136 with PID 1376 (C:\Users\TDesai\CalendarAPI\CalendarAPI\target\classes started by TDesai in C:\Users\TDesai\CalendarAPI\CalendarAPI)
restartedMain  INFO [2018-07-17 16:54:55,778] CalendarAPI.CalendarApiApplication - No active profile set, falling back to default profiles: default
restartedMain  INFO [2018-07-17 16:55:02,326] CalendarAPI.CalendarApiApplication - Started CalendarApiApplication in 6.991 seconds (JVM running for 8.097)
restartedMain  INFO [2018-07-17 17:04:34,328] CalendarAPI.CalendarApiApplication - Starting CalendarApiApplication on ALPTDESAI7136 with PID 9204 (C:\Users\TDesai\CalendarAPI\CalendarAPI\target\classes started by TDesai in C:\Users\TDesai\CalendarAPI\CalendarAPI)
restartedMain  INFO [2018-07-17 17:04:34,336] CalendarAPI.CalendarApiApplication - No active profile set, falling back to default profiles: default
restartedMain  INFO [2018-07-17 17:14:51,976] CalendarAPI.CalendarApiApplication - Starting CalendarApiApplication on ALPTDESAI7136 with PID 2728 (C:\Users\TDesai\CalendarAPI\CalendarAPI\target\classes started by TDesai in C:\Users\TDesai\CalendarAPI\CalendarAPI)
restartedMain  INFO [2018-07-17 17:14:51,976] CalendarAPI.CalendarApiApplication - No active profile set, falling back to default profiles: default
restartedMain  INFO [2018-07-17 17:15:36,023] CalendarAPI.CalendarApiApplication - Starting CalendarApiApplication on ALPTDESAI7136 with PID 10144 (C:\Users\TDesai\CalendarAPI\CalendarAPI\target\classes started by TDesai in C:\Users\TDesai\CalendarAPI\CalendarAPI)
restartedMain  INFO [2018-07-17 17:15:36,027] CalendarAPI.CalendarApiApplication - No active profile set, falling back to default profiles: default
restartedMain  INFO [2018-07-17 17:18:32,944] CalendarAPI.CalendarApiApplication - Starting CalendarApiApplication on ALPTDESAI7136 with PID 3996 (C:\Users\TDesai\CalendarAPI\CalendarAPI\target\classes started by TDesai in C:\Users\TDesai\CalendarAPI\CalendarAPI)
restartedMain  INFO [2018-07-17 17:18:32,949] CalendarAPI.CalendarApiApplication - No active profile set, falling back to default profiles: default
restartedMain  INFO [2018-07-17 17:21:45,973] CalendarAPI.CalendarApiApplication - Starting CalendarApiApplication on ALPTDESAI7136 with PID 10916 (C:\Users\TDesai\CalendarAPI\CalendarAPI\target\classes started by TDesai in C:\Users\TDesai\CalendarAPI\CalendarAPI)
restartedMain  INFO [2018-07-17 17:21:45,980] CalendarAPI.CalendarApiApplication - No active profile set, falling back to default profiles: default
restartedMain  INFO [2018-07-17 17:27:08,400] CalendarAPI.CalendarApiApplication - Starting CalendarApiApplication on ALPTDESAI7136 with PID 9608 (C:\Users\TDesai\CalendarAPI\CalendarAPI\target\classes started by TDesai in C:\Users\TDesai\CalendarAPI\CalendarAPI)
restartedMain  INFO [2018-07-17 17:27:08,404] CalendarAPI.CalendarApiApplication - No active profile set, falling back to default profiles: default
restartedMain  INFO [2018-07-17 17:27:57,735] CalendarAPI.CalendarApiApplication - Starting CalendarApiApplication on ALPTDESAI7136 with PID 10124 (C:\Users\TDesai\CalendarAPI\CalendarAPI\target\classes started by TDesai in C:\Users\TDesai\CalendarAPI\CalendarAPI)
restartedMain  INFO [2018-07-17 17:27:57,740] CalendarAPI.CalendarApiApplication - No active profile set, falling back to default profiles: default
restartedMain  INFO [2018-07-17 17:44:46,044] CalendarAPI.CalendarApiApplication - Starting CalendarApiApplication on ALPTDESAI7136 with PID 11924 (C:\Users\TDesai\CalendarAPI\CalendarAPI\target\classes started by TDesai in C:\Users\TDesai\CalendarAPI\CalendarAPI)
restartedMain  INFO [2018-07-17 17:44:46,054] CalendarAPI.CalendarApiApplication - No active profile set, falling back to default profiles: default
restartedMain  INFO [2018-07-17 17:46:59,398] CalendarAPI.CalendarApiApplication - Starting CalendarApiApplication on ALPTDESAI7136 with PID 11548 (C:\Users\TDesai\CalendarAPI\CalendarAPI\target\classes started by TDesai in C:\Users\TDesai\CalendarAPI\CalendarAPI)
restartedMain  INFO [2018-07-17 17:46:59,398] CalendarAPI.CalendarApiApplication - No active profile set, falling back to default profiles: default
restartedMain  INFO [2018-07-17 17:47:23,307] CalendarAPI.CalendarApiApplication - Starting CalendarApiApplication on ALPTDESAI7136 with PID 10696 (C:\Users\TDesai\CalendarAPI\CalendarAPI\target\classes started by TDesai in C:\Users\TDesai\CalendarAPI\CalendarAPI)
restartedMain  INFO [2018-07-17 17:47:23,311] CalendarAPI.CalendarApiApplication - No active profile set, falling back to default profiles: default
restartedMain  INFO [2018-07-17 17:50:53,617] CalendarAPI.CalendarApiApplication - Starting CalendarApiApplication on ALPTDESAI7136 with PID 5312 (C:\Users\TDesai\CalendarAPI\CalendarAPI\target\classes started by TDesai in C:\Users\TDesai\CalendarAPI\CalendarAPI)
restartedMain  INFO [2018-07-17 17:50:53,622] CalendarAPI.CalendarApiApplication - No active profile set, falling back to default profiles: default
restartedMain  INFO [2018-07-17 17:56:38,431] CalendarAPI.CalendarApiApplication - Starting CalendarApiApplication on ALPTDESAI7136 with PID 12164 (C:\Users\TDesai\CalendarAPI\CalendarAPI\target\classes started by TDesai in C:\Users\TDesai\CalendarAPI\CalendarAPI)
restartedMain  INFO [2018-07-17 17:56:38,436] CalendarAPI.CalendarApiApplication - No active profile set, falling back to default profiles: default
restartedMain  INFO [2018-07-17 18:00:14,104] CalendarAPI.CalendarApiApplication - Starting CalendarApiApplication on ALPTDESAI7136 with PID 7576 (C:\Users\TDesai\CalendarAPI\CalendarAPI\target\classes started by TDesai in C:\Users\TDesai\CalendarAPI\CalendarAPI)
restartedMain  INFO [2018-07-17 18:00:14,109] CalendarAPI.CalendarApiApplication - No active profile set, falling back to default profiles: default
restartedMain  INFO [2018-07-17 18:01:21,384] CalendarAPI.CalendarApiApplication - Starting CalendarApiApplication on ALPTDESAI7136 with PID 8128 (C:\Users\TDesai\CalendarAPI\CalendarAPI\target\classes started by TDesai in C:\Users\TDesai\CalendarAPI\CalendarAPI)
restartedMain  INFO [2018-07-17 18:01:21,389] CalendarAPI.CalendarApiApplication - No active profile set, falling back to default profiles: default
restartedMain  INFO [2018-07-17 18:02:24,373] CalendarAPI.CalendarApiApplication - Starting CalendarApiApplication on ALPTDESAI7136 with PID 11544 (C:\Users\TDesai\CalendarAPI\CalendarAPI\target\classes started by TDesai in C:\Users\TDesai\CalendarAPI\CalendarAPI)
restartedMain  INFO [2018-07-17 18:02:24,377] CalendarAPI.CalendarApiApplication - No active profile set, falling back to default profiles: default
restartedMain  INFO [2018-07-17 18:04:12,277] CalendarAPI.CalendarApiApplication - Starting CalendarApiApplication on ALPTDESAI7136 with PID 11608 (C:\Users\TDesai\CalendarAPI\CalendarAPI\target\classes started by TDesai in C:\Users\TDesai\CalendarAPI\CalendarAPI)
restartedMain  INFO [2018-07-17 18:04:12,282] CalendarAPI.CalendarApiApplication - No active profile set, falling back to default profiles: default
restartedMain  INFO [2018-07-17 18:05:39,058] CalendarAPI.CalendarApiApplication - Starting CalendarApiApplication on ALPTDESAI7136 with PID 11624 (C:\Users\TDesai\CalendarAPI\CalendarAPI\target\classes started by TDesai in C:\Users\TDesai\CalendarAPI\CalendarAPI)
restartedMain  INFO [2018-07-17 18:05:39,064] CalendarAPI.CalendarApiApplication - No active profile set, falling back to default profiles: default
restartedMain  INFO [2018-07-17 18:07:52,225] CalendarAPI.CalendarApiApplication - Starting CalendarApiApplication on ALPTDESAI7136 with PID 7948 (C:\Users\TDesai\CalendarAPI\CalendarAPI\target\classes started by TDesai in C:\Users\TDesai\CalendarAPI\CalendarAPI)
restartedMain  INFO [2018-07-17 18:07:52,229] CalendarAPI.CalendarApiApplication - No active profile set, falling back to default profiles: default
restartedMain  INFO [2018-07-18 11:38:11,470] CalendarAPI.CalendarApiApplication - Starting CalendarApiApplication on ALPTDESAI7136 with PID 10008 (C:\Users\TDesai\CalendarAPI\CalendarAPI\target\classes started by TDesai in C:\Users\TDesai\CalendarAPI\CalendarAPI)
restartedMain  INFO [2018-07-18 11:38:11,480] CalendarAPI.CalendarApiApplication - No active profile set, falling back to default profiles: default
restartedMain  INFO [2018-07-18 11:44:41,675] CalendarAPI.CalendarApiApplication - Starting CalendarApiApplication on ALPTDESAI7136 with PID 12844 (C:\Users\TDesai\CalendarAPI\CalendarAPI\target\classes started by TDesai in C:\Users\TDesai\CalendarAPI\CalendarAPI)
restartedMain  INFO [2018-07-18 11:44:41,675] CalendarAPI.CalendarApiApplication - No active profile set, falling back to default profiles: default
restartedMain  INFO [2018-07-18 11:45:48,475] CalendarAPI.CalendarApiApplication - Starting CalendarApiApplication on ALPTDESAI7136 with PID 3856 (C:\Users\TDesai\CalendarAPI\CalendarAPI\target\classes started by TDesai in C:\Users\TDesai\CalendarAPI\CalendarAPI)
restartedMain  INFO [2018-07-18 11:45:48,485] CalendarAPI.CalendarApiApplication - No active profile set, falling back to default profiles: default
restartedMain  INFO [2018-07-18 11:45:54,652] CalendarAPI.CalendarApiApplication - Started CalendarApiApplication in 6.56 seconds (JVM running for 8.012)
restartedMain  INFO [2018-07-18 11:48:31,800] CalendarAPI.CalendarApiApplication - Starting CalendarApiApplication on ALPTDESAI7136 with PID 10852 (C:\Users\TDesai\CalendarAPI\CalendarAPI\target\classes started by TDesai in C:\Users\TDesai\CalendarAPI\CalendarAPI)
restartedMain  INFO [2018-07-18 11:48:31,806] CalendarAPI.CalendarApiApplication - No active profile set, falling back to default profiles: default
restartedMain  INFO [2018-07-18 11:48:38,146] CalendarAPI.CalendarApiApplication - Started CalendarApiApplication in 6.854 seconds (JVM running for 8.101)
restartedMain  INFO [2018-07-18 12:01:10,123] CalendarAPI.CalendarApiApplication - Starting CalendarApiApplication on ALPTDESAI7136 with PID 12376 (C:\Users\TDesai\CalendarAPI\CalendarAPI\target\classes started by TDesai in C:\Users\TDesai\CalendarAPI\CalendarAPI)
restartedMain  INFO [2018-07-18 12:01:10,129] CalendarAPI.CalendarApiApplication - No active profile set, falling back to default profiles: default
restartedMain  INFO [2018-07-18 12:02:07,741] CalendarAPI.CalendarApiApplication - Starting CalendarApiApplication on ALPTDESAI7136 with PID 9752 (C:\Users\TDesai\CalendarAPI\CalendarAPI\target\classes started by TDesai in C:\Users\TDesai\CalendarAPI\CalendarAPI)
restartedMain  INFO [2018-07-18 12:02:07,747] CalendarAPI.CalendarApiApplication - No active profile set, falling back to default profiles: default
restartedMain  INFO [2018-07-18 12:27:04,509] CalendarAPI.CalendarApiApplication - Starting CalendarApiApplication on ALPTDESAI7136 with PID 6804 (C:\Users\TDesai\CalendarAPI\CalendarAPI\target\classes started by TDesai in C:\Users\TDesai\CalendarAPI\CalendarAPI)
restartedMain  INFO [2018-07-18 12:27:04,514] CalendarAPI.CalendarApiApplication - No active profile set, falling back to default profiles: default
restartedMain  INFO [2018-07-18 12:28:20,941] CalendarAPI.CalendarApiApplication - Starting CalendarApiApplication on ALPTDESAI7136 with PID 11836 (C:\Users\TDesai\CalendarAPI\CalendarAPI\target\classes started by TDesai in C:\Users\TDesai\CalendarAPI\CalendarAPI)
restartedMain  INFO [2018-07-18 12:28:20,951] CalendarAPI.CalendarApiApplication - No active profile set, falling back to default profiles: default
restartedMain  INFO [2018-07-18 12:29:18,824] CalendarAPI.CalendarApiApplication - Starting CalendarApiApplication on ALPTDESAI7136 with PID 6204 (C:\Users\TDesai\CalendarAPI\CalendarAPI\target\classes started by TDesai in C:\Users\TDesai\CalendarAPI\CalendarAPI)
restartedMain  INFO [2018-07-18 12:29:18,834] CalendarAPI.CalendarApiApplication - No active profile set, falling back to default profiles: default
restartedMain  INFO [2018-07-18 12:30:32,428] CalendarAPI.CalendarApiApplication - Starting CalendarApiApplication on ALPTDESAI7136 with PID 9620 (C:\Users\TDesai\CalendarAPI\CalendarAPI\target\classes started by TDesai in C:\Users\TDesai\CalendarAPI\CalendarAPI)
restartedMain  INFO [2018-07-18 12:30:32,435] CalendarAPI.CalendarApiApplication - No active profile set, falling back to default profiles: default
restartedMain  INFO [2018-07-18 12:30:39,285] CalendarAPI.CalendarApiApplication - Started CalendarApiApplication in 7.392 seconds (JVM running for 8.816)
restartedMain  INFO [2018-07-18 14:08:26,805] CalendarAPI.CalendarApiApplication - Starting CalendarApiApplication on ALPTDESAI7136 with PID 9012 (C:\Users\TDesai\CalendarAPI\CalendarAPI\target\classes started by TDesai in C:\Users\TDesai\CalendarAPI\CalendarAPI)
restartedMain  INFO [2018-07-18 14:08:26,809] CalendarAPI.CalendarApiApplication - No active profile set, falling back to default profiles: default
restartedMain  INFO [2018-07-18 14:08:33,984] CalendarAPI.CalendarApiApplication - Started CalendarApiApplication in 7.706 seconds (JVM running for 9.117)
restartedMain  INFO [2018-07-18 14:13:13,493] CalendarAPI.CalendarApiApplication - Starting CalendarApiApplication on ALPTDESAI7136 with PID 12164 (C:\Users\TDesai\CalendarAPI\CalendarAPI\target\classes started by TDesai in C:\Users\TDesai\CalendarAPI\CalendarAPI)
restartedMain  INFO [2018-07-18 14:13:13,498] CalendarAPI.CalendarApiApplication - No active profile set, falling back to default profiles: default
restartedMain  INFO [2018-07-18 14:13:56,205] CalendarAPI.CalendarApiApplication - Starting CalendarApiApplication on ALPTDESAI7136 with PID 12384 (C:\Users\TDesai\CalendarAPI\CalendarAPI\target\classes started by TDesai in C:\Users\TDesai\CalendarAPI\CalendarAPI)
restartedMain  INFO [2018-07-18 14:13:56,210] CalendarAPI.CalendarApiApplication - No active profile set, falling back to default profiles: default
restartedMain  INFO [2018-07-18 14:14:02,564] CalendarAPI.CalendarApiApplication - Started CalendarApiApplication in 6.806 seconds (JVM running for 8.036)
restartedMain  INFO [2018-07-18 14:23:27,033] CalendarAPI.CalendarApiApplication - Starting CalendarApiApplication on ALPTDESAI7136 with PID 2896 (C:\Users\TDesai\CalendarAPI\CalendarAPI\target\classes started by TDesai in C:\Users\TDesai\CalendarAPI\CalendarAPI)
restartedMain  INFO [2018-07-18 14:23:27,038] CalendarAPI.CalendarApiApplication - No active profile set, falling back to default profiles: default
restartedMain  INFO [2018-07-18 14:24:08,822] CalendarAPI.CalendarApiApplication - Starting CalendarApiApplication on ALPTDESAI7136 with PID 11864 (C:\Users\TDesai\CalendarAPI\CalendarAPI\target\classes started by TDesai in C:\Users\TDesai\CalendarAPI\CalendarAPI)
restartedMain  INFO [2018-07-18 14:24:08,832] CalendarAPI.CalendarApiApplication - No active profile set, falling back to default profiles: default
restartedMain  INFO [2018-07-18 14:24:16,059] CalendarAPI.CalendarApiApplication - Started CalendarApiApplication in 7.856 seconds (JVM running for 9.251)
restartedMain  INFO [2018-07-18 14:26:00,405] CalendarAPI.CalendarApiApplication - Starting CalendarApiApplication on ALPTDESAI7136 with PID 9540 (C:\Users\TDesai\CalendarAPI\CalendarAPI\target\classes started by TDesai in C:\Users\TDesai\CalendarAPI\CalendarAPI)
restartedMain  INFO [2018-07-18 14:26:00,410] CalendarAPI.CalendarApiApplication - No active profile set, falling back to default profiles: default
restartedMain  INFO [2018-07-18 14:26:08,767] CalendarAPI.CalendarApiApplication - Started CalendarApiApplication in 8.825 seconds (JVM running for 10.304)
restartedMain  INFO [2018-07-18 14:28:33,529] CalendarAPI.CalendarApiApplication - Starting CalendarApiApplication on ALPTDESAI7136 with PID 12148 (C:\Users\TDesai\CalendarAPI\CalendarAPI\target\classes started by TDesai in C:\Users\TDesai\CalendarAPI\CalendarAPI)
restartedMain  INFO [2018-07-18 14:28:33,535] CalendarAPI.CalendarApiApplication - No active profile set, falling back to default profiles: default
restartedMain  INFO [2018-07-18 14:29:42,041] CalendarAPI.CalendarApiApplication - Starting CalendarApiApplication on ALPTDESAI7136 with PID 12448 (C:\Users\TDesai\CalendarAPI\CalendarAPI\target\classes started by TDesai in C:\Users\TDesai\CalendarAPI\CalendarAPI)
restartedMain  INFO [2018-07-18 14:29:42,063] CalendarAPI.CalendarApiApplication - No active profile set, falling back to default profiles: default
restartedMain  INFO [2018-07-18 14:29:49,578] CalendarAPI.CalendarApiApplication - Started CalendarApiApplication in 8.081 seconds (JVM running for 9.478)
restartedMain  INFO [2018-07-18 14:30:37,903] CalendarAPI.CalendarApiApplication - Starting CalendarApiApplication on ALPTDESAI7136 with PID 4656 (C:\Users\TDesai\CalendarAPI\CalendarAPI\target\classes started by TDesai in C:\Users\TDesai\CalendarAPI\CalendarAPI)
restartedMain  INFO [2018-07-18 14:30:37,907] CalendarAPI.CalendarApiApplication - No active profile set, falling back to default profiles: default
restartedMain  INFO [2018-07-18 15:11:58,791] CalendarAPI.CalendarApiApplication - Starting CalendarApiApplication on ALPTDESAI7136 with PID 1236 (C:\Users\TDesai\CalendarAPI\CalendarAPI\target\classes started by TDesai in C:\Users\TDesai\CalendarAPI\CalendarAPI)
restartedMain  INFO [2018-07-18 15:11:58,801] CalendarAPI.CalendarApiApplication - No active profile set, falling back to default profiles: default
restartedMain  INFO [2018-07-18 15:12:05,544] CalendarAPI.CalendarApiApplication - Started CalendarApiApplication in 7.252 seconds (JVM running for 8.498)
restartedMain  INFO [2018-07-18 15:14:12,975] CalendarAPI.CalendarApiApplication - Starting CalendarApiApplication on ALPTDESAI7136 with PID 10256 (C:\Users\TDesai\CalendarAPI\CalendarAPI\target\classes started by TDesai in C:\Users\TDesai\CalendarAPI\CalendarAPI)
restartedMain  INFO [2018-07-18 15:14:12,979] CalendarAPI.CalendarApiApplication - No active profile set, falling back to default profiles: default
restartedMain  INFO [2018-07-18 15:15:27,275] CalendarAPI.CalendarApiApplication - Starting CalendarApiApplication on ALPTDESAI7136 with PID 8260 (C:\Users\TDesai\CalendarAPI\CalendarAPI\target\classes started by TDesai in C:\Users\TDesai\CalendarAPI\CalendarAPI)
restartedMain  INFO [2018-07-18 15:15:27,280] CalendarAPI.CalendarApiApplication - No active profile set, falling back to default profiles: default
restartedMain  INFO [2018-07-18 15:15:33,796] CalendarAPI.CalendarApiApplication - Started CalendarApiApplication in 6.93 seconds (JVM running for 8.186)
restartedMain  INFO [2018-07-18 15:17:21,308] CalendarAPI.CalendarApiApplication - Starting CalendarApiApplication on ALPTDESAI7136 with PID 8636 (C:\Users\TDesai\CalendarAPI\CalendarAPI\target\classes started by TDesai in C:\Users\TDesai\CalendarAPI\CalendarAPI)
restartedMain  INFO [2018-07-18 15:17:21,314] CalendarAPI.CalendarApiApplication - No active profile set, falling back to default profiles: default
restartedMain  INFO [2018-07-18 15:17:28,731] CalendarAPI.CalendarApiApplication - Started CalendarApiApplication in 7.873 seconds (JVM running for 9.364)
restartedMain  INFO [2018-07-18 15:23:24,740] CalendarAPI.CalendarApiApplication - Starting CalendarApiApplication on ALPTDESAI7136 with PID 10024 (C:\Users\TDesai\CalendarAPI\CalendarAPI\target\classes started by TDesai in C:\Users\TDesai\CalendarAPI\CalendarAPI)
restartedMain  INFO [2018-07-18 15:23:24,740] CalendarAPI.CalendarApiApplication - No active profile set, falling back to default profiles: default
restartedMain  INFO [2018-07-18 15:23:31,440] CalendarAPI.CalendarApiApplication - Started CalendarApiApplication in 7.158 seconds (JVM running for 8.448)
restartedMain  INFO [2018-07-18 15:26:19,645] CalendarAPI.CalendarApiApplication - Starting CalendarApiApplication on ALPTDESAI7136 with PID 3964 (C:\Users\TDesai\CalendarAPI\CalendarAPI\target\classes started by TDesai in C:\Users\TDesai\CalendarAPI\CalendarAPI)
restartedMain  INFO [2018-07-18 15:26:19,650] CalendarAPI.CalendarApiApplication - No active profile set, falling back to default profiles: default
restartedMain  INFO [2018-07-18 15:26:53,627] CalendarAPI.CalendarApiApplication - Starting CalendarApiApplication on ALPTDESAI7136 with PID 7192 (C:\Users\TDesai\CalendarAPI\CalendarAPI\target\classes started by TDesai in C:\Users\TDesai\CalendarAPI\CalendarAPI)
restartedMain  INFO [2018-07-18 15:26:53,632] CalendarAPI.CalendarApiApplication - No active profile set, falling back to default profiles: default
restartedMain  INFO [2018-07-18 15:27:00,035] CalendarAPI.CalendarApiApplication - Started CalendarApiApplication in 6.822 seconds (JVM running for 8.043)
restartedMain  INFO [2018-07-18 15:29:29,801] CalendarAPI.CalendarApiApplication - Starting CalendarApiApplication on ALPTDESAI7136 with PID 12312 (C:\Users\TDesai\CalendarAPI\CalendarAPI\target\classes started by TDesai in C:\Users\TDesai\CalendarAPI\CalendarAPI)
restartedMain  INFO [2018-07-18 15:29:29,805] CalendarAPI.CalendarApiApplication - No active profile set, falling back to default profiles: default
restartedMain  INFO [2018-07-18 15:29:36,934] CalendarAPI.CalendarApiApplication - Started CalendarApiApplication in 7.662 seconds (JVM running for 8.962)
restartedMain  INFO [2018-07-18 15:31:47,853] CalendarAPI.CalendarApiApplication - Starting CalendarApiApplication on ALPTDESAI7136 with PID 11144 (C:\Users\TDesai\CalendarAPI\CalendarAPI\target\classes started by TDesai in C:\Users\TDesai\CalendarAPI\CalendarAPI)
restartedMain  INFO [2018-07-18 15:31:47,858] CalendarAPI.CalendarApiApplication - No active profile set, falling back to default profiles: default
restartedMain  INFO [2018-07-18 15:31:54,206] CalendarAPI.CalendarApiApplication - Started CalendarApiApplication in 6.788 seconds (JVM running for 7.928)
restartedMain  INFO [2018-07-18 15:36:42,703] CalendarAPI.CalendarApiApplication - Starting CalendarApiApplication on ALPTDESAI7136 with PID 9616 (C:\Users\TDesai\CalendarAPI\CalendarAPI\target\classes started by TDesai in C:\Users\TDesai\CalendarAPI\CalendarAPI)
restartedMain  INFO [2018-07-18 15:36:42,708] CalendarAPI.CalendarApiApplication - No active profile set, falling back to default profiles: default
restartedMain  INFO [2018-07-18 15:36:49,547] CalendarAPI.CalendarApiApplication - Started CalendarApiApplication in 7.286 seconds (JVM running for 8.488)
restartedMain  INFO [2018-07-18 15:38:11,972] CalendarAPI.CalendarApiApplication - Starting CalendarApiApplication on ALPTDESAI7136 with PID 12168 (C:\Users\TDesai\CalendarAPI\CalendarAPI\target\classes started by TDesai in C:\Users\TDesai\CalendarAPI\CalendarAPI)
restartedMain  INFO [2018-07-18 15:38:11,977] CalendarAPI.CalendarApiApplication - No active profile set, falling back to default profiles: default
restartedMain  INFO [2018-07-18 15:38:19,087] CalendarAPI.CalendarApiApplication - Started CalendarApiApplication in 7.573 seconds (JVM running for 8.981)
restartedMain  INFO [2018-07-18 15:39:03,277] CalendarAPI.CalendarApiApplication - Starting CalendarApiApplication on ALPTDESAI7136 with PID 12696 (C:\Users\TDesai\CalendarAPI\CalendarAPI\target\classes started by TDesai in C:\Users\TDesai\CalendarAPI\CalendarAPI)
restartedMain  INFO [2018-07-18 15:39:03,277] CalendarAPI.CalendarApiApplication - No active profile set, falling back to default profiles: default
restartedMain  INFO [2018-07-18 15:39:09,841] CalendarAPI.CalendarApiApplication - Started CalendarApiApplication in 7.011 seconds (JVM running for 8.308)
restartedMain  INFO [2018-07-18 15:40:54,888] CalendarAPI.CalendarApiApplication - Starting CalendarApiApplication on ALPTDESAI7136 with PID 9912 (C:\Users\TDesai\CalendarAPI\CalendarAPI\target\classes started by TDesai in C:\Users\TDesai\CalendarAPI\CalendarAPI)
restartedMain  INFO [2018-07-18 15:40:54,893] CalendarAPI.CalendarApiApplication - No active profile set, falling back to default profiles: default
restartedMain  INFO [2018-07-18 15:41:01,373] CalendarAPI.CalendarApiApplication - Started CalendarApiApplication in 6.943 seconds (JVM running for 8.094)
restartedMain  INFO [2018-07-18 15:41:46,550] CalendarAPI.CalendarApiApplication - Starting CalendarApiApplication on ALPTDESAI7136 with PID 11980 (C:\Users\TDesai\CalendarAPI\CalendarAPI\target\classes started by TDesai in C:\Users\TDesai\CalendarAPI\CalendarAPI)
restartedMain  INFO [2018-07-18 15:41:46,554] CalendarAPI.CalendarApiApplication - No active profile set, falling back to default profiles: default
restartedMain  INFO [2018-07-18 15:41:53,269] CalendarAPI.CalendarApiApplication - Started CalendarApiApplication in 7.283 seconds (JVM running for 8.497)
restartedMain  INFO [2018-07-18 15:44:19,237] CalendarAPI.CalendarApiApplication - Starting CalendarApiApplication on ALPTDESAI7136 with PID 7748 (C:\Users\TDesai\CalendarAPI\CalendarAPI\target\classes started by TDesai in C:\Users\TDesai\CalendarAPI\CalendarAPI)
restartedMain  INFO [2018-07-18 15:44:19,243] CalendarAPI.CalendarApiApplication - No active profile set, falling back to default profiles: default
restartedMain  INFO [2018-07-18 15:44:25,875] CalendarAPI.CalendarApiApplication - Started CalendarApiApplication in 7.106 seconds (JVM running for 8.495)
restartedMain  INFO [2018-07-18 15:56:37,053] CalendarAPI.CalendarApiApplication - Starting CalendarApiApplication on ALPTDESAI7136 with PID 11416 (C:\Users\TDesai\CalendarAPI\CalendarAPI\target\classes started by TDesai in C:\Users\TDesai\CalendarAPI\CalendarAPI)
restartedMain  INFO [2018-07-18 15:56:37,058] CalendarAPI.CalendarApiApplication - No active profile set, falling back to default profiles: default
restartedMain  INFO [2018-07-18 15:56:44,197] CalendarAPI.CalendarApiApplication - Started CalendarApiApplication in 7.786 seconds (JVM running for 9.172)
restartedMain  INFO [2018-07-18 15:58:05,451] CalendarAPI.CalendarApiApplication - Starting CalendarApiApplication on ALPTDESAI7136 with PID 8996 (C:\Users\TDesai\CalendarAPI\CalendarAPI\target\classes started by TDesai in C:\Users\TDesai\CalendarAPI\CalendarAPI)
restartedMain  INFO [2018-07-18 15:58:05,456] CalendarAPI.CalendarApiApplication - No active profile set, falling back to default profiles: default
restartedMain  INFO [2018-07-18 15:58:14,308] CalendarAPI.CalendarApiApplication - Started CalendarApiApplication in 9.632 seconds (JVM running for 11.31)
restartedMain  INFO [2018-07-18 16:50:55,740] CalendarAPI.CalendarApiApplication - Starting CalendarApiApplication on ALPTDESAI7136 with PID 7208 (C:\Users\TDesai\CalendarAPI\CalendarAPI\target\classes started by TDesai in C:\Users\TDesai\CalendarAPI\CalendarAPI)
restartedMain  INFO [2018-07-18 16:50:55,744] CalendarAPI.CalendarApiApplication - No active profile set, falling back to default profiles: default
restartedMain  INFO [2018-07-18 16:51:02,217] CalendarAPI.CalendarApiApplication - Started CalendarApiApplication in 7.023 seconds (JVM running for 8.493)
restartedMain  INFO [2018-07-18 16:52:28,115] CalendarAPI.CalendarApiApplication - Starting CalendarApiApplication on ALPTDESAI7136 with PID 12728 (C:\Users\TDesai\CalendarAPI\CalendarAPI\target\classes started by TDesai in C:\Users\TDesai\CalendarAPI\CalendarAPI)
restartedMain  INFO [2018-07-18 16:52:28,122] CalendarAPI.CalendarApiApplication - No active profile set, falling back to default profiles: default
restartedMain  INFO [2018-07-18 16:52:35,612] CalendarAPI.CalendarApiApplication - Started CalendarApiApplication in 7.918 seconds (JVM running for 9.212)
restartedMain  INFO [2018-07-18 16:53:53,897] CalendarAPI.CalendarApiApplication - Starting CalendarApiApplication on ALPTDESAI7136 with PID 13932 (C:\Users\TDesai\CalendarAPI\CalendarAPI\target\classes started by TDesai in C:\Users\TDesai\CalendarAPI\CalendarAPI)
restartedMain  INFO [2018-07-18 16:53:53,902] CalendarAPI.CalendarApiApplication - No active profile set, falling back to default profiles: default
restartedMain  INFO [2018-07-18 16:54:00,503] CalendarAPI.CalendarApiApplication - Started CalendarApiApplication in 7.15 seconds (JVM running for 8.404)
restartedMain  INFO [2018-07-18 17:00:11,202] CalendarAPI.CalendarApiApplication - Starting CalendarApiApplication on ALPTDESAI7136 with PID 9688 (C:\Users\TDesai\CalendarAPI\CalendarAPI\target\classes started by TDesai in C:\Users\TDesai\CalendarAPI\CalendarAPI)
restartedMain  INFO [2018-07-18 17:00:11,208] CalendarAPI.CalendarApiApplication - No active profile set, falling back to default profiles: default
restartedMain  INFO [2018-07-18 17:00:17,504] CalendarAPI.CalendarApiApplication - Started CalendarApiApplication in 6.768 seconds (JVM running for 8.028)
restartedMain  INFO [2018-07-18 17:01:11,851] CalendarAPI.CalendarApiApplication - Starting CalendarApiApplication on ALPTDESAI7136 with PID 5096 (C:\Users\TDesai\CalendarAPI\CalendarAPI\target\classes started by TDesai in C:\Users\TDesai\CalendarAPI\CalendarAPI)
restartedMain  INFO [2018-07-18 17:01:11,855] CalendarAPI.CalendarApiApplication - No active profile set, falling back to default profiles: default
restartedMain  INFO [2018-07-18 17:01:18,918] CalendarAPI.CalendarApiApplication - Started CalendarApiApplication in 7.535 seconds (JVM running for 8.868)
restartedMain  INFO [2018-07-18 17:02:58,347] CalendarAPI.CalendarApiApplication - Starting CalendarApiApplication on ALPTDESAI7136 with PID 13936 (C:\Users\TDesai\CalendarAPI\CalendarAPI\target\classes started by TDesai in C:\Users\TDesai\CalendarAPI\CalendarAPI)
restartedMain  INFO [2018-07-18 17:02:58,355] CalendarAPI.CalendarApiApplication - No active profile set, falling back to default profiles: default
restartedMain  INFO [2018-07-18 17:03:06,255] CalendarAPI.CalendarApiApplication - Started CalendarApiApplication in 8.553 seconds (JVM running for 9.988)
restartedMain  INFO [2018-07-18 17:05:17,369] CalendarAPI.CalendarApiApplication - Starting CalendarApiApplication on ALPTDESAI7136 with PID 11736 (C:\Users\TDesai\CalendarAPI\CalendarAPI\target\classes started by TDesai in C:\Users\TDesai\CalendarAPI\CalendarAPI)
restartedMain  INFO [2018-07-18 17:05:17,374] CalendarAPI.CalendarApiApplication - No active profile set, falling back to default profiles: default
restartedMain  INFO [2018-07-18 17:05:24,343] CalendarAPI.CalendarApiApplication - Started CalendarApiApplication in 7.461 seconds (JVM running for 8.59)
restartedMain  INFO [2018-07-18 17:10:56,032] CalendarAPI.CalendarApiApplication - Starting CalendarApiApplication on ALPTDESAI7136 with PID 9604 (C:\Users\TDesai\CalendarAPI\CalendarAPI\target\classes started by TDesai in C:\Users\TDesai\CalendarAPI\CalendarAPI)
restartedMain  INFO [2018-07-18 17:10:56,040] CalendarAPI.CalendarApiApplication - No active profile set, falling back to default profiles: default
restartedMain  INFO [2018-07-18 17:11:03,822] CalendarAPI.CalendarApiApplication - Started CalendarApiApplication in 8.27 seconds (JVM running for 10.491)
restartedMain  INFO [2018-07-18 17:19:17,136] CalendarAPI.CalendarApiApplication - Starting CalendarApiApplication on ALPTDESAI7136 with PID 10008 (C:\Users\TDesai\CalendarAPI\CalendarAPI\target\classes started by TDesai in C:\Users\TDesai\CalendarAPI\CalendarAPI)
restartedMain  INFO [2018-07-18 17:19:17,141] CalendarAPI.CalendarApiApplication - No active profile set, falling back to default profiles: default
restartedMain  INFO [2018-07-18 17:19:24,021] CalendarAPI.CalendarApiApplication - Started CalendarApiApplication in 7.299 seconds (JVM running for 8.616)
restartedMain  INFO [2018-07-19 15:34:22,433] CalendarAPI.CalendarApiApplication - Starting CalendarApiApplication on ALPTDESAI7136 with PID 5024 (C:\Users\TDesai\CalendarAPI\CalendarAPI\target\classes started by TDesai in C:\Users\TDesai\CalendarAPI\CalendarAPI)
restartedMain  INFO [2018-07-19 15:34:22,434] CalendarAPI.CalendarApiApplication - No active profile set, falling back to default profiles: default
restartedMain  INFO [2018-07-19 15:34:29,640] CalendarAPI.CalendarApiApplication - Started CalendarApiApplication in 7.745 seconds (JVM running for 9.125)
http-nio-8899-exec-7  INFO [2018-07-19 15:35:33,343] controllers.CalendarController - Calendar{id=1, name='Sam', events=[CalendarEvents{id=1, title='Meeting2', eventDate=Thu May 17 20:00:00 EDT 2018, location='Rome', attendeeList=[Sam, Akash], reminderTime=null, reminderSent=false, calendar=null}]}
restartedMain  INFO [2018-07-19 15:41:24,376] CalendarAPI.CalendarApiApplication - Starting CalendarApiApplication on ALPTDESAI7136 with PID 14800 (C:\Users\TDesai\CalendarAPI\CalendarAPI\target\classes started by TDesai in C:\Users\TDesai\CalendarAPI\CalendarAPI)
restartedMain  INFO [2018-07-19 15:41:24,399] CalendarAPI.CalendarApiApplication - No active profile set, falling back to default profiles: default
restartedMain  INFO [2018-07-19 15:41:30,410] CalendarAPI.CalendarApiApplication - Started CalendarApiApplication in 6.514 seconds (JVM running for 7.749)
restartedMain  INFO [2018-07-19 15:43:03,083] CalendarAPI.CalendarApiApplication - Starting CalendarApiApplication on ALPTDESAI7136 with PID 14276 (C:\Users\TDesai\CalendarAPI\CalendarAPI\target\classes started by TDesai in C:\Users\TDesai\CalendarAPI\CalendarAPI)
restartedMain  INFO [2018-07-19 15:43:03,088] CalendarAPI.CalendarApiApplication - No active profile set, falling back to default profiles: default
restartedMain  INFO [2018-07-19 15:43:09,685] CalendarAPI.CalendarApiApplication - Started CalendarApiApplication in 7.01 seconds (JVM running for 8.234)
http-nio-8899-exec-1  INFO [2018-07-19 15:43:18,280] controllers.CalendarController - CalendarEvents{id=1, title='Meeting2', eventDate=Thu May 17 20:00:00 EDT 2018, location='Rome', attendeeList=[Sam, Akash], reminderTime=null, reminderSent=false}
http-nio-8899-exec-3  INFO [2018-07-19 15:45:03,040] controllers.CalendarController - CalendarEvents{id=2, title='Meeting2', eventDate=Thu May 17 20:00:00 EDT 2018, location='Rome', attendeeList=[Sam, Akash], reminderTime=null, reminderSent=false}
restartedMain  INFO [2018-07-19 15:46:06,962] CalendarAPI.CalendarApiApplication - Starting CalendarApiApplication on ALPTDESAI7136 with PID 11948 (C:\Users\TDesai\CalendarAPI\CalendarAPI\target\classes started by TDesai in C:\Users\TDesai\CalendarAPI\CalendarAPI)
restartedMain  INFO [2018-07-19 15:46:06,962] CalendarAPI.CalendarApiApplication - No active profile set, falling back to default profiles: default
restartedMain  INFO [2018-07-19 15:46:13,213] CalendarAPI.CalendarApiApplication - Started CalendarApiApplication in 6.656 seconds (JVM running for 8.125)
http-nio-8899-exec-1  INFO [2018-07-19 15:46:17,751] controllers.CalendarController - CalendarEvents{id=1, title='Meeting2', eventDate=Thu May 17 20:00:00 EDT 2018, location='Rome', attendeeList=[Sam, Akash], reminderTime=null, reminderSent=false}
restartedMain  INFO [2018-07-19 15:51:02,694] CalendarAPI.CalendarApiApplication - Starting CalendarApiApplication on ALPTDESAI7136 with PID 13408 (C:\Users\TDesai\CalendarAPI\CalendarAPI\target\classes started by TDesai in C:\Users\TDesai\CalendarAPI\CalendarAPI)
restartedMain  INFO [2018-07-19 15:51:02,698] CalendarAPI.CalendarApiApplication - No active profile set, falling back to default profiles: default
restartedMain  INFO [2018-07-19 15:51:09,199] CalendarAPI.CalendarApiApplication - Started CalendarApiApplication in 6.973 seconds (JVM running for 8.262)
http-nio-8899-exec-1  INFO [2018-07-19 15:51:17,031] controllers.CalendarController - CalendarEvents{id=1, title='Meeting2', eventDate=Thu May 17 20:00:00 EDT 2018, location='Rome', attendeeList=[Sam, Akash], reminderTime=null, reminderSent=false}
restartedMain  INFO [2018-07-19 16:05:32,110] CalendarAPI.CalendarApiApplication - Starting CalendarApiApplication on ALPTDESAI7136 with PID 13480 (C:\Users\TDesai\CalendarAPI\CalendarAPI\target\classes started by TDesai in C:\Users\TDesai\CalendarAPI\CalendarAPI)
restartedMain  INFO [2018-07-19 16:05:32,114] CalendarAPI.CalendarApiApplication - No active profile set, falling back to default profiles: default
restartedMain  INFO [2018-07-19 16:05:38,945] CalendarAPI.CalendarApiApplication - Started CalendarApiApplication in 7.382 seconds (JVM running for 8.68)
http-nio-8899-exec-1  INFO [2018-07-19 16:05:42,406] controllers.CalendarController - CalendarEvents{id=1, title='Meeting2', eventDate=Thu May 17 20:00:00 EDT 2018, location='Rome', attendeeList=[Sam, Akash], reminderTime=null, reminderSent=false}
restartedMain  INFO [2018-07-19 16:07:37,429] CalendarAPI.CalendarApiApplication - Starting CalendarApiApplication on ALPTDESAI7136 with PID 14692 (C:\Users\TDesai\CalendarAPI\CalendarAPI\target\classes started by TDesai in C:\Users\TDesai\CalendarAPI\CalendarAPI)
restartedMain  INFO [2018-07-19 16:07:37,434] CalendarAPI.CalendarApiApplication - No active profile set, falling back to default profiles: default
restartedMain  INFO [2018-07-19 16:07:44,102] CalendarAPI.CalendarApiApplication - Started CalendarApiApplication in 7.07 seconds (JVM running for 8.316)
http-nio-8899-exec-1  INFO [2018-07-19 16:07:55,377] controllers.CalendarController - CalendarEvents{id=1, title='Meeting2', eventDate=Thu May 17 20:00:00 EDT 2018, location='Rome', attendeeList=[Sam, Akash], reminderTime=null, reminderSent=false}
restartedMain  INFO [2018-07-19 16:11:17,012] CalendarAPI.CalendarApiApplication - Starting CalendarApiApplication on ALPTDESAI7136 with PID 1524 (C:\Users\TDesai\CalendarAPI\CalendarAPI\target\classes started by TDesai in C:\Users\TDesai\CalendarAPI\CalendarAPI)
restartedMain  INFO [2018-07-19 16:11:17,012] CalendarAPI.CalendarApiApplication - No active profile set, falling back to default profiles: default
restartedMain  INFO [2018-07-19 16:11:24,172] CalendarAPI.CalendarApiApplication - Started CalendarApiApplication in 7.513 seconds (JVM running for 9.217)
http-nio-8899-exec-1  INFO [2018-07-19 16:12:08,905] controllers.CalendarController - CalendarEvents{id=1, title='Meeting2', eventDate=Thu May 17 20:00:00 EDT 2018, location='Rome', attendeeList=[Sam, Akash], reminderTime=null, reminderSent=false}
http-nio-8899-exec-2  INFO [2018-07-19 16:14:31,737] controllers.CalendarController - CalendarEvents{id=3, title='Meeting2', eventDate=Thu May 17 20:00:00 EDT 2018, location='Rome', attendeeList=[Sam, Akash], reminderTime=null, reminderSent=false}
restartedMain  INFO [2018-07-19 16:24:32,015] CalendarAPI.CalendarApiApplication - Starting CalendarApiApplication on ALPTDESAI7136 with PID 14152 (C:\Users\TDesai\CalendarAPI\CalendarAPI\target\classes started by TDesai in C:\Users\TDesai\CalendarAPI\CalendarAPI)
restartedMain  INFO [2018-07-19 16:24:32,019] CalendarAPI.CalendarApiApplication - No active profile set, falling back to default profiles: default
restartedMain  INFO [2018-07-19 16:24:38,174] CalendarAPI.CalendarApiApplication - Started CalendarApiApplication in 6.57 seconds (JVM running for 7.9)
http-nio-8899-exec-1  INFO [2018-07-19 16:24:43,252] controllers.CalendarController - CalendarEvents{id=1, title='Meeting2', eventDate=Thu May 17 20:00:00 EDT 2018, location='Rome', attendeeList=[Sam, Akash], reminderTime=null, reminderSent=false}
http-nio-8899-exec-1  INFO [2018-07-19 16:24:43,252] controllers.CalendarController - CalendarEvents{id=2, title='RealMeeting', eventDate=Fri May 18 20:00:00 EDT 2018, location='India', attendeeList=[Khanjan, Sam], reminderTime=null, reminderSent=false}
restartedMain  INFO [2018-07-19 16:26:14,528] CalendarAPI.CalendarApiApplication - Starting CalendarApiApplication on ALPTDESAI7136 with PID 8908 (C:\Users\TDesai\CalendarAPI\CalendarAPI\target\classes started by TDesai in C:\Users\TDesai\CalendarAPI\CalendarAPI)
restartedMain  INFO [2018-07-19 16:26:14,528] CalendarAPI.CalendarApiApplication - No active profile set, falling back to default profiles: default
restartedMain  INFO [2018-07-19 16:26:20,891] CalendarAPI.CalendarApiApplication - Started CalendarApiApplication in 6.704 seconds (JVM running for 8.098)
http-nio-8899-exec-1  INFO [2018-07-19 16:26:34,463] controllers.CalendarController - CalendarEvents{id=1, title='Meeting2', eventDate=Thu May 17 20:00:00 EDT 2018, location='Rome', attendeeList=[Sam, Akash], reminderTime=null, reminderSent=false}
http-nio-8899-exec-1  INFO [2018-07-19 16:26:34,465] controllers.CalendarController - CalendarEvents{id=2, title='RealMeeting', eventDate=Fri May 18 20:00:00 EDT 2018, location='India', attendeeList=[Khanjan, Sam], reminderTime=null, reminderSent=false}
restartedMain  INFO [2018-07-19 16:27:40,079] CalendarAPI.CalendarApiApplication - Starting CalendarApiApplication on ALPTDESAI7136 with PID 2364 (C:\Users\TDesai\CalendarAPI\CalendarAPI\target\classes started by TDesai in C:\Users\TDesai\CalendarAPI\CalendarAPI)
restartedMain  INFO [2018-07-19 16:27:40,091] CalendarAPI.CalendarApiApplication - No active profile set, falling back to default profiles: default
restartedMain  INFO [2018-07-19 16:27:46,639] CalendarAPI.CalendarApiApplication - Started CalendarApiApplication in 6.941 seconds (JVM running for 8.294)
http-nio-8899-exec-1  INFO [2018-07-19 16:27:52,021] controllers.CalendarController - EventFound: CalendarEvents{id=1, title='Meeting2', eventDate=Thu May 17 20:00:00 EDT 2018, location='Rome', attendeeList=[Sam, Akash], reminderTime=null, reminderSent=false}
http-nio-8899-exec-1  INFO [2018-07-19 16:27:52,023] controllers.CalendarController - EventFound: CalendarEvents{id=2, title='RealMeeting', eventDate=Fri May 18 20:00:00 EDT 2018, location='India', attendeeList=[Khanjan, Sam], reminderTime=null, reminderSent=false}
restartedMain  INFO [2018-07-19 16:28:49,269] CalendarAPI.CalendarApiApplication - Starting CalendarApiApplication on ALPTDESAI7136 with PID 6076 (C:\Users\TDesai\CalendarAPI\CalendarAPI\target\classes started by TDesai in C:\Users\TDesai\CalendarAPI\CalendarAPI)
restartedMain  INFO [2018-07-19 16:28:49,273] CalendarAPI.CalendarApiApplication - No active profile set, falling back to default profiles: default
restartedMain  INFO [2018-07-19 16:28:55,756] CalendarAPI.CalendarApiApplication - Started CalendarApiApplication in 6.849 seconds (JVM running for 8.182)
http-nio-8899-exec-1  INFO [2018-07-19 16:29:01,210] controllers.CalendarController - EventFound: CalendarEvents{id=1, title='Meeting2', eventDate=Thu May 17 20:00:00 EDT 2018, location='Rome', attendeeList=[Sam, Akash], reminderTime=null, reminderSent=false}
http-nio-8899-exec-1  INFO [2018-07-19 16:29:01,211] controllers.CalendarController - EventFound: CalendarEvents{id=2, title='RealMeeting', eventDate=Fri May 18 20:00:00 EDT 2018, location='India', attendeeList=[Khanjan, Sam], reminderTime=null, reminderSent=false}
restartedMain  INFO [2018-07-19 16:30:23,564] CalendarAPI.CalendarApiApplication - Starting CalendarApiApplication on ALPTDESAI7136 with PID 7268 (C:\Users\TDesai\CalendarAPI\CalendarAPI\target\classes started by TDesai in C:\Users\TDesai\CalendarAPI\CalendarAPI)
restartedMain  INFO [2018-07-19 16:30:23,569] CalendarAPI.CalendarApiApplication - No active profile set, falling back to default profiles: default
restartedMain  INFO [2018-07-19 16:30:30,145] CalendarAPI.CalendarApiApplication - Started CalendarApiApplication in 6.978 seconds (JVM running for 8.283)
http-nio-8899-exec-1  INFO [2018-07-19 16:30:34,794] controllers.CalendarController - EventFound: CalendarEvents{id=1, title='Meeting2', eventDate=Thu May 17 20:00:00 EDT 2018, location='Rome', attendeeList=[Sam, Akash], reminderTime=null, reminderSent=false}
restartedMain  INFO [2018-07-19 16:32:09,051] CalendarAPI.CalendarApiApplication - Starting CalendarApiApplication on ALPTDESAI7136 with PID 5200 (C:\Users\TDesai\CalendarAPI\CalendarAPI\target\classes started by TDesai in C:\Users\TDesai\CalendarAPI\CalendarAPI)
restartedMain  INFO [2018-07-19 16:32:09,055] CalendarAPI.CalendarApiApplication - No active profile set, falling back to default profiles: default
restartedMain  INFO [2018-07-19 16:32:15,529] CalendarAPI.CalendarApiApplication - Started CalendarApiApplication in 6.907 seconds (JVM running for 8.169)
http-nio-8899-exec-1  INFO [2018-07-19 16:32:20,233] controllers.CalendarController - EventFound: CalendarEvents{id=1, title='Meeting2', eventDate=Thu May 17 20:00:00 EDT 2018, location='Rome', attendeeList=[Sam, Akash], reminderTime=null, reminderSent=false}
restartedMain  INFO [2018-07-19 16:36:49,933] CalendarAPI.CalendarApiApplication - Starting CalendarApiApplication on ALPTDESAI7136 with PID 156 (C:\Users\TDesai\CalendarAPI\CalendarAPI\target\classes started by TDesai in C:\Users\TDesai\CalendarAPI\CalendarAPI)
restartedMain  INFO [2018-07-19 16:36:49,937] CalendarAPI.CalendarApiApplication - No active profile set, falling back to default profiles: default
restartedMain  INFO [2018-07-19 16:36:58,055] CalendarAPI.CalendarApiApplication - Started CalendarApiApplication in 8.624 seconds (JVM running for 10.058)
http-nio-8899-exec-1  INFO [2018-07-19 16:39:08,269] controllers.CalendarController - EventFound: CalendarEvents{id=1, title='Meeting2', eventDate=Thu May 17 20:00:00 EDT 2018, location='Rome', attendeeList=[Sam, Akash], reminderTime=null, reminderSent=false}
restartedMain  INFO [2018-07-19 16:40:26,054] CalendarAPI.CalendarApiApplication - Starting CalendarApiApplication on ALPTDESAI7136 with PID 13484 (C:\Users\TDesai\CalendarAPI\CalendarAPI\target\classes started by TDesai in C:\Users\TDesai\CalendarAPI\CalendarAPI)
restartedMain  INFO [2018-07-19 16:40:26,059] CalendarAPI.CalendarApiApplication - No active profile set, falling back to default profiles: default
restartedMain  INFO [2018-07-19 16:40:37,849] CalendarAPI.CalendarApiApplication - Starting CalendarApiApplication on ALPTDESAI7136 with PID 15100 (C:\Users\TDesai\CalendarAPI\CalendarAPI\target\classes started by TDesai in C:\Users\TDesai\CalendarAPI\CalendarAPI)
restartedMain  INFO [2018-07-19 16:40:37,854] CalendarAPI.CalendarApiApplication - No active profile set, falling back to default profiles: default
restartedMain  INFO [2018-07-19 16:40:44,953] CalendarAPI.CalendarApiApplication - Started CalendarApiApplication in 7.466 seconds (JVM running for 8.982)
http-nio-8899-exec-1  INFO [2018-07-19 16:41:08,694] controllers.CalendarController - EventFound: CalendarEvents{id=1, title='Meeting2', eventDate=Thu May 17 20:00:00 EDT 2018, location='Rome', attendeeList=[Sam, Akash], reminderTime=null, reminderSent=false}
http-nio-8899-exec-1  INFO [2018-07-19 16:41:13,272] controllers.CalendarController - EventFound: CalendarEvents{id=2, title='RealMeeting', eventDate=Fri May 18 20:00:00 EDT 2018, location='India', attendeeList=[Khanjan, Sam], reminderTime=null, reminderSent=false}
restartedMain  INFO [2018-07-19 17:00:37,031] CalendarAPI.CalendarApiApplication - Starting CalendarApiApplication on ALPTDESAI7136 with PID 12240 (C:\Users\TDesai\CalendarAPI\CalendarAPI\target\classes started by TDesai in C:\Users\TDesai\CalendarAPI\CalendarAPI)
restartedMain  INFO [2018-07-19 17:00:37,036] CalendarAPI.CalendarApiApplication - No active profile set, falling back to default profiles: default
restartedMain  INFO [2018-07-19 17:00:44,002] CalendarAPI.CalendarApiApplication - Started CalendarApiApplication in 7.476 seconds (JVM running for 8.644)
http-nio-8899-exec-1  INFO [2018-07-19 17:01:03,740] controllers.CalendarController - EventFound: CalendarEvents{id=1, title='Meeting2', eventDate=Thu May 17 20:00:00 EDT 2018, location='Rome', attendeeList=[Sam, Akash], reminderTime=null, reminderSent=false}
http-nio-8899-exec-1  INFO [2018-07-19 17:01:03,752] controllers.CalendarController - EventFound: CalendarEvents{id=2, title='RealMeeting', eventDate=Fri May 18 20:00:00 EDT 2018, location='India', attendeeList=[Khanjan, Sam], reminderTime=null, reminderSent=false}
restartedMain  INFO [2018-07-19 17:04:21,432] CalendarAPI.CalendarApiApplication - Starting CalendarApiApplication on ALPTDESAI7136 with PID 14812 (C:\Users\TDesai\CalendarAPI\CalendarAPI\target\classes started by TDesai in C:\Users\TDesai\CalendarAPI\CalendarAPI)
restartedMain  INFO [2018-07-19 17:04:21,437] CalendarAPI.CalendarApiApplication - No active profile set, falling back to default profiles: default
restartedMain  INFO [2018-07-19 17:04:27,929] CalendarAPI.CalendarApiApplication - Started CalendarApiApplication in 7.086 seconds (JVM running for 8.314)
http-nio-8899-exec-1  INFO [2018-07-19 17:04:36,728] controllers.CalendarController - EventFound: CalendarEvents{id=1, title='Meeting2', eventDate=Thu May 17 20:00:00 EDT 2018, location='Rome', attendeeList=[Sam, Akash], reminderTime=null, reminderSent=false}
http-nio-8899-exec-1  INFO [2018-07-19 17:04:36,741] controllers.CalendarController - EventFound: CalendarEvents{id=2, title='RealMeeting', eventDate=Fri May 18 20:00:00 EDT 2018, location='India', attendeeList=[Khanjan, Sam], reminderTime=null, reminderSent=false}
restartedMain  INFO [2018-07-19 17:08:36,773] CalendarAPI.CalendarApiApplication - Starting CalendarApiApplication on ALPTDESAI7136 with PID 14804 (C:\Users\TDesai\CalendarAPI\CalendarAPI\target\classes started by TDesai in C:\Users\TDesai\CalendarAPI\CalendarAPI)
restartedMain  INFO [2018-07-19 17:08:36,778] CalendarAPI.CalendarApiApplication - No active profile set, falling back to default profiles: default
restartedMain  INFO [2018-07-19 17:08:43,477] CalendarAPI.CalendarApiApplication - Started CalendarApiApplication in 7.179 seconds (JVM running for 8.465)
http-nio-8899-exec-1  INFO [2018-07-19 17:08:48,023] controllers.CalendarController - EventFound: CalendarEvents{id=1, title='Meeting2', eventDate=Thu May 17 20:00:00 EDT 2018, location='Rome', attendeeList=[Sam, Akash], reminderTime=null, reminderSent=false}
http-nio-8899-exec-1  INFO [2018-07-19 17:08:48,034] controllers.CalendarController - EventFound: CalendarEvents{id=2, title='RealMeeting', eventDate=Fri May 18 20:00:00 EDT 2018, location='India', attendeeList=[Khanjan, Sam], reminderTime=null, reminderSent=false}
restartedMain  INFO [2018-07-19 17:18:33,382] CalendarAPI.CalendarApiApplication - Starting CalendarApiApplication on ALPTDESAI7136 with PID 12524 (C:\Users\TDesai\CalendarAPI\CalendarAPI\target\classes started by TDesai in C:\Users\TDesai\CalendarAPI\CalendarAPI)
restartedMain  INFO [2018-07-19 17:18:33,388] CalendarAPI.CalendarApiApplication - No active profile set, falling back to default profiles: default
restartedMain  INFO [2018-07-19 17:18:40,472] CalendarAPI.CalendarApiApplication - Started CalendarApiApplication in 7.618 seconds (JVM running for 8.965)
http-nio-8899-exec-1  INFO [2018-07-19 17:18:56,315] controllers.CalendarController - EventFound: CalendarEvents{id=1, title='Meeting2', eventDate=Thu May 17 20:00:00 EDT 2018, location='Rome', attendeeList=[Sam, Akash], reminderTime=null, reminderSent=false}
http-nio-8899-exec-1  INFO [2018-07-19 17:18:56,325] controllers.CalendarController - EventFound: CalendarEvents{id=2, title='RealMeeting', eventDate=Fri May 18 20:00:00 EDT 2018, location='India', attendeeList=[Khanjan, Sam], reminderTime=null, reminderSent=false}
restartedMain  INFO [2018-07-20 10:48:52,408] CalendarAPI.CalendarApiApplication - Starting CalendarApiApplication on ALPTDESAI7136 with PID 4004 (C:\Users\TDesai\CalendarAPI\CalendarAPI\target\classes started by TDesai in C:\Users\TDesai\CalendarAPI\CalendarAPI)
restartedMain  INFO [2018-07-20 10:48:52,418] CalendarAPI.CalendarApiApplication - No active profile set, falling back to default profiles: default
restartedMain  INFO [2018-07-20 10:48:59,213] CalendarAPI.CalendarApiApplication - Started CalendarApiApplication in 7.249 seconds (JVM running for 9.242)
http-nio-8899-exec-1  INFO [2018-07-20 10:53:33,300] controllers.CalendarController - EventFound: CalendarEvents{id=1, title='Meeting2', eventDate=Fri May 18 00:00:00 EDT 2018, location='Rome', attendeeList=[Sam, Akash], reminderTime=null, reminderSent=false}
http-nio-8899-exec-1  INFO [2018-07-20 10:53:33,311] controllers.CalendarController - EventFound: CalendarEvents{id=2, title='RealMeeting', eventDate=Sat May 19 00:00:00 EDT 2018, location='India', attendeeList=[Khanjan, Sam], reminderTime=null, reminderSent=false}
restartedMain  INFO [2018-07-20 12:36:13,122] CalendarAPI.CalendarApiApplication - Starting CalendarApiApplication on ALPTDESAI7136 with PID 13648 (C:\Users\TDesai\CalendarAPI\CalendarAPI\target\classes started by TDesai in C:\Users\TDesai\CalendarAPI\CalendarAPI)
restartedMain  INFO [2018-07-20 12:36:13,143] CalendarAPI.CalendarApiApplication - No active profile set, falling back to default profiles: default
restartedMain  INFO [2018-07-20 12:36:20,238] CalendarAPI.CalendarApiApplication - Started CalendarApiApplication in 7.491 seconds (JVM running for 8.973)
restartedMain  INFO [2018-07-20 12:45:00,448] CalendarAPI.CalendarApiApplication - Starting CalendarApiApplication on ALPTDESAI7136 with PID 11344 (C:\Users\TDesai\CalendarAPI\CalendarAPI\target\classes started by TDesai in C:\Users\TDesai\CalendarAPI\CalendarAPI)
restartedMain  INFO [2018-07-20 12:45:00,458] CalendarAPI.CalendarApiApplication - No active profile set, falling back to default profiles: default
restartedMain  INFO [2018-07-20 12:45:07,121] CalendarAPI.CalendarApiApplication - Started CalendarApiApplication in 7.214 seconds (JVM running for 8.529)
restartedMain  INFO [2018-07-20 12:49:01,324] CalendarAPI.CalendarApiApplication - Starting CalendarApiApplication on ALPTDESAI7136 with PID 14096 (C:\Users\TDesai\CalendarAPI\CalendarAPI\target\classes started by TDesai in C:\Users\TDesai\CalendarAPI\CalendarAPI)
restartedMain  INFO [2018-07-20 12:49:01,334] CalendarAPI.CalendarApiApplication - No active profile set, falling back to default profiles: default
restartedMain  INFO [2018-07-20 12:49:08,201] CalendarAPI.CalendarApiApplication - Started CalendarApiApplication in 7.27 seconds (JVM running for 8.727)
restartedMain  INFO [2018-07-20 12:50:00,249] CalendarAPI.CalendarApiApplication - Starting CalendarApiApplication on ALPTDESAI7136 with PID 13068 (C:\Users\TDesai\CalendarAPI\CalendarAPI\target\classes started by TDesai in C:\Users\TDesai\CalendarAPI\CalendarAPI)
restartedMain  INFO [2018-07-20 12:50:00,255] CalendarAPI.CalendarApiApplication - No active profile set, falling back to default profiles: default
restartedMain  INFO [2018-07-20 12:50:08,424] CalendarAPI.CalendarApiApplication - Started CalendarApiApplication in 8.636 seconds (JVM running for 9.944)
restartedMain  INFO [2018-07-20 12:54:27,145] CalendarAPI.CalendarApiApplication - Starting CalendarApiApplication on ALPTDESAI7136 with PID 13420 (C:\Users\TDesai\CalendarAPI\CalendarAPI\target\classes started by TDesai in C:\Users\TDesai\CalendarAPI\CalendarAPI)
restartedMain  INFO [2018-07-20 12:54:27,157] CalendarAPI.CalendarApiApplication - No active profile set, falling back to default profiles: default
restartedMain  INFO [2018-07-20 12:54:35,585] CalendarAPI.CalendarApiApplication - Started CalendarApiApplication in 8.978 seconds (JVM running for 10.231)
http-nio-8899-exec-2  INFO [2018-07-20 12:55:33,566] controllers.CalendarController - EventFound: CalendarEvents{id=1, title='Meeting2', eventDate=Fri May 18 00:00:00 EDT 2018, location='Rome', attendeeList=[Sam, Akash], reminderTime=null, reminderSent=false}
http-nio-8899-exec-2  INFO [2018-07-20 12:55:33,578] controllers.CalendarController - EventFound: CalendarEvents{id=2, title='RealMeeting', eventDate=Sat May 19 00:00:00 EDT 2018, location='India', attendeeList=[Khanjan, Sam], reminderTime=null, reminderSent=false}
restartedMain  INFO [2018-07-20 14:58:11,186] CalendarAPI.CalendarApiApplication - Starting CalendarApiApplication on ALPTDESAI7136 with PID 14236 (C:\Users\TDesai\CalendarAPI\CalendarAPI\target\classes started by TDesai in C:\Users\TDesai\CalendarAPI\CalendarAPI)
restartedMain  INFO [2018-07-20 14:58:11,209] CalendarAPI.CalendarApiApplication - No active profile set, falling back to default profiles: default
restartedMain  INFO [2018-07-20 14:58:19,262] CalendarAPI.CalendarApiApplication - Started CalendarApiApplication in 8.57 seconds (JVM running for 9.869)
http-nio-8899-exec-4  INFO [2018-07-20 15:01:03,441] controllers.CalendarController - EventFound: CalendarEvents{id=1, title='Meeting2', eventDate=Fri May 18 00:00:00 EDT 2018, location='Rome', attendeeList=[Sam, Akash], reminderTime=null, reminderSent=false}
http-nio-8899-exec-4  INFO [2018-07-20 15:01:03,451] controllers.CalendarController - EventFound: CalendarEvents{id=2, title='RealMeeting', eventDate=Sat May 19 00:00:00 EDT 2018, location='India', attendeeList=[Khanjan, Sam], reminderTime=null, reminderSent=false}
restartedMain  INFO [2018-07-20 15:08:26,998] CalendarAPI.CalendarApiApplication - Starting CalendarApiApplication on ALPTDESAI7136 with PID 10360 (C:\Users\TDesai\CalendarAPI\CalendarAPI\target\classes started by TDesai in C:\Users\TDesai\CalendarAPI\CalendarAPI)
restartedMain  INFO [2018-07-20 15:08:27,005] CalendarAPI.CalendarApiApplication - No active profile set, falling back to default profiles: default
restartedMain  INFO [2018-07-20 15:08:35,310] CalendarAPI.CalendarApiApplication - Started CalendarApiApplication in 8.724 seconds (JVM running for 10.28)
restartedMain  INFO [2018-07-20 15:13:01,192] CalendarAPI.CalendarApiApplication - Starting CalendarApiApplication on ALPTDESAI7136 with PID 9828 (C:\Users\TDesai\CalendarAPI\CalendarAPI\target\classes started by TDesai in C:\Users\TDesai\CalendarAPI\CalendarAPI)
restartedMain  INFO [2018-07-20 15:13:01,197] CalendarAPI.CalendarApiApplication - No active profile set, falling back to default profiles: default
restartedMain  INFO [2018-07-20 15:13:09,266] CalendarAPI.CalendarApiApplication - Started CalendarApiApplication in 8.5 seconds (JVM running for 9.923)
http-nio-8899-exec-7  INFO [2018-07-20 15:15:35,824] controllers.CalendarController - EventFound: CalendarEvents{id=1, title='Meeting2', eventDate=Mon May 21 05:00:00 EDT 2018, location='Rome', attendeeList=[Sam, Akash], reminderTime=null, reminderSent=false}
http-nio-8899-exec-7  INFO [2018-07-20 15:15:35,834] controllers.CalendarController - EventFound: CalendarEvents{id=2, title='RealMeeting', eventDate=Sun May 20 07:00:00 EDT 2018, location='India', attendeeList=[Khanjan, Sam], reminderTime=null, reminderSent=false}
restartedMain  INFO [2018-07-20 15:30:30,311] CalendarAPI.CalendarApiApplication - Starting CalendarApiApplication on ALPTDESAI7136 with PID 13360 (C:\Users\TDesai\CalendarAPI\CalendarAPI\target\classes started by TDesai in C:\Users\TDesai\CalendarAPI\CalendarAPI)
restartedMain  INFO [2018-07-20 15:30:30,325] CalendarAPI.CalendarApiApplication - No active profile set, falling back to default profiles: default
restartedMain  INFO [2018-07-20 15:30:40,813] CalendarAPI.CalendarApiApplication - Started CalendarApiApplication in 11.081 seconds (JVM running for 12.556)
http-nio-8899-exec-4  INFO [2018-07-20 15:32:01,245] controllers.CalendarController - EventFound: CalendarEvents{id=1, title='Meeting2', eventDate=Fri May 18 00:00:00 EDT 2018, location='Rome', attendeeList=[Sam, Akash], reminderTime=null, reminderSent=false}
http-nio-8899-exec-4  INFO [2018-07-20 15:32:01,260] controllers.CalendarController - EventFound: CalendarEvents{id=2, title='RealMeeting', eventDate=Sat May 19 00:00:00 EDT 2018, location='India', attendeeList=[Khanjan, Sam], reminderTime=null, reminderSent=false}
restartedMain  INFO [2018-07-20 15:34:12,629] CalendarAPI.CalendarApiApplication - Starting CalendarApiApplication on ALPTDESAI7136 with PID 5564 (C:\Users\TDesai\CalendarAPI\CalendarAPI\target\classes started by TDesai in C:\Users\TDesai\CalendarAPI\CalendarAPI)
restartedMain  INFO [2018-07-20 15:34:12,635] CalendarAPI.CalendarApiApplication - No active profile set, falling back to default profiles: default
restartedMain  INFO [2018-07-20 15:34:21,101] CalendarAPI.CalendarApiApplication - Started CalendarApiApplication in 8.872 seconds (JVM running for 10.159)
http-nio-8899-exec-5  INFO [2018-07-20 15:34:42,724] controllers.CalendarController - EventFound: CalendarEvents{id=1, title='Meeting2', eventDate=Fri May 18 00:00:00 EDT 2018, location='Rome', attendeeList=[Sam, Akash], reminderTime=null, reminderSent=false}
http-nio-8899-exec-5  INFO [2018-07-20 15:34:42,738] controllers.CalendarController - EventFound: CalendarEvents{id=2, title='RealMeeting', eventDate=Sat May 19 00:00:00 EDT 2018, location='India', attendeeList=[Khanjan, Sam], reminderTime=null, reminderSent=false}
restartedMain  INFO [2018-07-20 16:27:47,368] CalendarAPI.CalendarApiApplication - Starting CalendarApiApplication on ALPTDESAI7136 with PID 10252 (C:\Users\TDesai\CalendarAPI\CalendarAPI\target\classes started by TDesai in C:\Users\TDesai\CalendarAPI\CalendarAPI)
restartedMain  INFO [2018-07-20 16:27:47,374] CalendarAPI.CalendarApiApplication - No active profile set, falling back to default profiles: default
restartedMain  INFO [2018-07-20 16:27:56,213] CalendarAPI.CalendarApiApplication - Started CalendarApiApplication in 9.261 seconds (JVM running for 10.645)
http-nio-8899-exec-10  INFO [2018-07-20 16:29:30,399] controllers.CalendarController - EventFound: CalendarEvents{id=1, title='Meeting2', eventDate=Thu Jan 18 08:00:00 EST 2018, location='Rome', attendeeList=[Sam, Akash], reminderTime=null, reminderSent=false}
http-nio-8899-exec-10  INFO [2018-07-20 16:29:30,409] controllers.CalendarController - EventFound: CalendarEvents{id=2, title='RealMeeting', eventDate=Fri Jan 19 10:00:00 EST 2018, location='India', attendeeList=[Khanjan, Sam], reminderTime=null, reminderSent=false}
restartedMain  INFO [2018-07-20 16:33:21,474] CalendarAPI.CalendarApiApplication - Starting CalendarApiApplication on ALPTDESAI7136 with PID 14096 (C:\Users\TDesai\CalendarAPI\CalendarAPI\target\classes started by TDesai in C:\Users\TDesai\CalendarAPI\CalendarAPI)
restartedMain  INFO [2018-07-20 16:33:21,494] CalendarAPI.CalendarApiApplication - No active profile set, falling back to default profiles: default
restartedMain  INFO [2018-07-20 16:33:30,378] CalendarAPI.CalendarApiApplication - Started CalendarApiApplication in 9.373 seconds (JVM running for 10.767)
http-nio-8899-exec-2  INFO [2018-07-20 16:34:34,749] controllers.CalendarController - EventFound: CalendarEvents{id=1, title='Meeting2', eventDate=Fri May 18 08:12:20 EDT 2018, location='Rome', attendeeList=[Sam, Akash], reminderTime=null, reminderSent=false}
http-nio-8899-exec-2  INFO [2018-07-20 16:34:34,761] controllers.CalendarController - EventFound: CalendarEvents{id=2, title='RealMeeting', eventDate=Sat May 19 10:15:25 EDT 2018, location='India', attendeeList=[Khanjan, Sam], reminderTime=null, reminderSent=false}
restartedMain  INFO [2018-07-23 15:07:20,461] CalendarAPI.CalendarApiApplication - Starting CalendarApiApplication on ALPTDESAI7136 with PID 9468 (C:\Users\TDesai\CalendarAPI\CalendarAPI\target\classes started by TDesai in C:\Users\TDesai\CalendarAPI\CalendarAPI)
restartedMain  INFO [2018-07-23 15:07:20,471] CalendarAPI.CalendarApiApplication - No active profile set, falling back to default profiles: default
restartedMain  INFO [2018-07-23 15:08:17,372] CalendarAPI.CalendarApiApplication - Starting CalendarApiApplication on ALPTDESAI7136 with PID 12500 (C:\Users\TDesai\CalendarAPI\CalendarAPI\target\classes started by TDesai in C:\Users\TDesai\CalendarAPI\CalendarAPI)
restartedMain  INFO [2018-07-23 15:08:17,372] CalendarAPI.CalendarApiApplication - No active profile set, falling back to default profiles: default
restartedMain  INFO [2018-07-23 15:08:56,742] CalendarAPI.CalendarApiApplication - Starting CalendarApiApplication on ALPTDESAI7136 with PID 12648 (C:\Users\TDesai\CalendarAPI\CalendarAPI\target\classes started by TDesai in C:\Users\TDesai\CalendarAPI\CalendarAPI)
restartedMain  INFO [2018-07-23 15:08:56,743] CalendarAPI.CalendarApiApplication - No active profile set, falling back to default profiles: default
restartedMain  INFO [2018-07-23 15:10:29,541] CalendarAPI.CalendarApiApplication - Starting CalendarApiApplication on ALPTDESAI7136 with PID 11512 (C:\Users\TDesai\CalendarAPI\CalendarAPI\target\classes started by TDesai in C:\Users\TDesai\CalendarAPI\CalendarAPI)
restartedMain  INFO [2018-07-23 15:10:29,547] CalendarAPI.CalendarApiApplication - No active profile set, falling back to default profiles: default
restartedMain  INFO [2018-07-23 15:14:25,359] CalendarAPI.CalendarApiApplication - Starting CalendarApiApplication on ALPTDESAI7136 with PID 8564 (C:\Users\TDesai\CalendarAPI\CalendarAPI\target\classes started by TDesai in C:\Users\TDesai\CalendarAPI\CalendarAPI)
restartedMain  INFO [2018-07-23 15:14:25,359] CalendarAPI.CalendarApiApplication - No active profile set, falling back to default profiles: default
restartedMain  INFO [2018-07-23 15:14:32,616] CalendarAPI.CalendarApiApplication - Started CalendarApiApplication in 7.621 seconds (JVM running for 8.778)
http-nio-8899-exec-3  INFO [2018-07-23 15:16:47,661] controllers.CalendarController - EventFound: CalendarEvents{id=1, title='Meeting2', eventDate=Wed May 23 08:00:00 EDT 2018, location='Rome', attendeeList=[Sam, Akash], reminderTime=null, reminderSent=false}
http-nio-8899-exec-3  INFO [2018-07-23 15:16:47,670] controllers.CalendarController - EventFound: CalendarEvents{id=2, title='RealMeeting', eventDate=Wed May 23 18:00:00 EDT 2018, location='India', attendeeList=[Khanjan, Sam], reminderTime=null, reminderSent=false}
restartedMain  INFO [2018-07-23 15:17:46,959] CalendarAPI.CalendarApiApplication - Starting CalendarApiApplication on ALPTDESAI7136 with PID 11436 (C:\Users\TDesai\CalendarAPI\CalendarAPI\target\classes started by TDesai in C:\Users\TDesai\CalendarAPI\CalendarAPI)
restartedMain  INFO [2018-07-23 15:17:46,965] CalendarAPI.CalendarApiApplication - No active profile set, falling back to default profiles: default
restartedMain  INFO [2018-07-23 15:17:54,531] CalendarAPI.CalendarApiApplication - Started CalendarApiApplication in 7.94 seconds (JVM running for 9.175)
http-nio-8899-exec-1  INFO [2018-07-23 15:18:03,137] controllers.CalendarController - EventFound: CalendarEvents{id=1, title='Meeting2', eventDate=Wed May 23 08:00:00 EDT 2018, location='Rome', attendeeList=[Sam, Akash], reminderTime=null, reminderSent=false}
http-nio-8899-exec-1  INFO [2018-07-23 15:18:03,146] controllers.CalendarController - EventFound: CalendarEvents{id=2, title='RealMeeting', eventDate=Wed May 23 18:00:00 EDT 2018, location='India', attendeeList=[Khanjan, Sam], reminderTime=null, reminderSent=false}
restartedMain  INFO [2018-07-23 15:19:00,141] CalendarAPI.CalendarApiApplication - Starting CalendarApiApplication on ALPTDESAI7136 with PID 1696 (C:\Users\TDesai\CalendarAPI\CalendarAPI\target\classes started by TDesai in C:\Users\TDesai\CalendarAPI\CalendarAPI)
restartedMain  INFO [2018-07-23 15:19:00,141] CalendarAPI.CalendarApiApplication - No active profile set, falling back to default profiles: default
restartedMain  INFO [2018-07-23 15:19:09,322] CalendarAPI.CalendarApiApplication - Started CalendarApiApplication in 9.501 seconds (JVM running for 11.168)
http-nio-8899-exec-1  INFO [2018-07-23 15:19:20,674] controllers.CalendarController - EventFound: CalendarEvents{id=1, title='Meeting2', eventDate=Wed May 23 08:00:00 EDT 2018, location='Rome', attendeeList=[Sam, Akash], reminderTime=null, reminderSent=false}
http-nio-8899-exec-1  INFO [2018-07-23 15:19:20,688] controllers.CalendarController - EventFound: CalendarEvents{id=2, title='RealMeeting', eventDate=Wed May 23 18:00:00 EDT 2018, location='India', attendeeList=[Khanjan, Sam], reminderTime=null, reminderSent=false}
restartedMain  INFO [2018-07-23 15:21:11,828] CalendarAPI.CalendarApiApplication - Starting CalendarApiApplication on ALPTDESAI7136 with PID 8720 (C:\Users\TDesai\CalendarAPI\CalendarAPI\target\classes started by TDesai in C:\Users\TDesai\CalendarAPI\CalendarAPI)
restartedMain  INFO [2018-07-23 15:21:11,850] CalendarAPI.CalendarApiApplication - No active profile set, falling back to default profiles: default
restartedMain  INFO [2018-07-23 15:21:20,918] CalendarAPI.CalendarApiApplication - Started CalendarApiApplication in 9.395 seconds (JVM running for 10.761)
http-nio-8899-exec-1  INFO [2018-07-23 15:21:26,405] controllers.CalendarController - EventFound: CalendarEvents{id=1, title='Meeting2', eventDate=Wed May 23 08:00:00 EDT 2018, location='Rome', attendeeList=[Sam, Akash], reminderTime=null, reminderSent=false}
http-nio-8899-exec-1  INFO [2018-07-23 15:21:26,422] controllers.CalendarController - EventFound: CalendarEvents{id=2, title='RealMeeting', eventDate=Wed May 23 18:00:00 EDT 2018, location='India', attendeeList=[Khanjan, Sam], reminderTime=null, reminderSent=false}
restartedMain  INFO [2018-07-23 15:27:39,148] CalendarAPI.CalendarApiApplication - Starting CalendarApiApplication on ALPTDESAI7136 with PID 12180 (C:\Users\TDesai\CalendarAPI\CalendarAPI\target\classes started by TDesai in C:\Users\TDesai\CalendarAPI\CalendarAPI)
restartedMain  INFO [2018-07-23 15:27:39,158] CalendarAPI.CalendarApiApplication - No active profile set, falling back to default profiles: default
restartedMain  INFO [2018-07-23 15:27:48,316] CalendarAPI.CalendarApiApplication - Started CalendarApiApplication in 9.47 seconds (JVM running for 10.853)
http-nio-8899-exec-1  INFO [2018-07-23 15:27:52,187] controllers.CalendarController - EventFound: CalendarEvents{id=1, title='Meeting2', eventDate=Wed May 23 08:00:00 EDT 2018, location='Rome', attendeeList=[Sam, Akash], reminderTime=null, reminderSent=false}
http-nio-8899-exec-1  INFO [2018-07-23 15:27:52,202] controllers.CalendarController - EventFound: CalendarEvents{id=2, title='RealMeeting', eventDate=Wed May 23 18:00:00 EDT 2018, location='India', attendeeList=[Khanjan, Sam], reminderTime=null, reminderSent=false}
restartedMain  INFO [2018-07-23 15:28:58,528] CalendarAPI.CalendarApiApplication - Starting CalendarApiApplication on ALPTDESAI7136 with PID 5544 (C:\Users\TDesai\CalendarAPI\CalendarAPI\target\classes started by TDesai in C:\Users\TDesai\CalendarAPI\CalendarAPI)
restartedMain  INFO [2018-07-23 15:28:58,528] CalendarAPI.CalendarApiApplication - No active profile set, falling back to default profiles: default
restartedMain  INFO [2018-07-23 15:29:07,437] CalendarAPI.CalendarApiApplication - Started CalendarApiApplication in 9.253 seconds (JVM running for 10.565)
http-nio-8899-exec-1  INFO [2018-07-23 15:29:10,649] controllers.CalendarController - EventFound: CalendarEvents{id=1, title='Meeting2', eventDate=Wed May 23 08:00:00 EDT 2018, location='Rome', attendeeList=[Sam, Akash], reminderTime=null, reminderSent=false}
http-nio-8899-exec-1  INFO [2018-07-23 15:29:10,664] controllers.CalendarController - EventFound: CalendarEvents{id=2, title='RealMeeting', eventDate=Wed May 23 18:00:00 EDT 2018, location='India', attendeeList=[Khanjan, Sam], reminderTime=null, reminderSent=false}
restartedMain  INFO [2018-07-23 15:33:42,318] CalendarAPI.CalendarApiApplication - Starting CalendarApiApplication on ALPTDESAI7136 with PID 8488 (C:\Users\TDesai\CalendarAPI\CalendarAPI\target\classes started by TDesai in C:\Users\TDesai\CalendarAPI\CalendarAPI)
restartedMain  INFO [2018-07-23 15:33:42,338] CalendarAPI.CalendarApiApplication - No active profile set, falling back to default profiles: default
restartedMain  INFO [2018-07-23 15:33:51,310] CalendarAPI.CalendarApiApplication - Started CalendarApiApplication in 9.41 seconds (JVM running for 10.957)
http-nio-8899-exec-1  INFO [2018-07-23 15:33:58,973] controllers.CalendarController - EventFound: CalendarEvents{id=1, title='Meeting2', eventDate=Wed May 23 08:00:00 EDT 2018, location='Rome', attendeeList=[Sam, Akash], reminderTime=null, reminderSent=false}
http-nio-8899-exec-1  INFO [2018-07-23 15:33:58,983] controllers.CalendarController - EventFound: CalendarEvents{id=2, title='RealMeeting', eventDate=Wed May 23 18:00:00 EDT 2018, location='India', attendeeList=[Khanjan, Sam], reminderTime=null, reminderSent=false}
http-nio-8899-exec-2  INFO [2018-07-23 15:34:51,460] controllers.CalendarController - getEventsforDay() : start Date : Sat Dec 23 00:00:00 EST 2017, endDate = Wed Nov 23 23:00:00 EST 2022
restartedMain  INFO [2018-07-23 15:38:02,788] CalendarAPI.CalendarApiApplication - Starting CalendarApiApplication on ALPTDESAI7136 with PID 5244 (C:\Users\TDesai\CalendarAPI\CalendarAPI\target\classes started by TDesai in C:\Users\TDesai\CalendarAPI\CalendarAPI)
restartedMain  INFO [2018-07-23 15:38:02,788] CalendarAPI.CalendarApiApplication - No active profile set, falling back to default profiles: default
restartedMain  INFO [2018-07-23 15:38:11,797] CalendarAPI.CalendarApiApplication - Started CalendarApiApplication in 9.309 seconds (JVM running for 10.67)
http-nio-8899-exec-1  INFO [2018-07-23 15:38:15,995] controllers.CalendarController - EventFound: CalendarEvents{id=1, title='Meeting2', eventDate=Wed May 23 08:00:00 EDT 2018, location='Rome', attendeeList=[Sam, Akash], reminderTime=null, reminderSent=false}
http-nio-8899-exec-1  INFO [2018-07-23 15:38:16,006] controllers.CalendarController - EventFound: CalendarEvents{id=2, title='RealMeeting', eventDate=Wed May 23 18:00:00 EDT 2018, location='India', attendeeList=[Khanjan, Sam], reminderTime=null, reminderSent=false}
http-nio-8899-exec-2  INFO [2018-07-23 15:38:33,064] controllers.CalendarController - getEventsforDay() : start Date : Sat Jun 23 00:00:00 EDT 2018, endDate = Sat Jun 23 23:59:59 EDT 2018
restartedMain  INFO [2018-07-23 15:39:41,932] CalendarAPI.CalendarApiApplication - Starting CalendarApiApplication on ALPTDESAI7136 with PID 12804 (C:\Users\TDesai\CalendarAPI\CalendarAPI\target\classes started by TDesai in C:\Users\TDesai\CalendarAPI\CalendarAPI)
restartedMain  INFO [2018-07-23 15:39:41,942] CalendarAPI.CalendarApiApplication - No active profile set, falling back to default profiles: default
restartedMain  INFO [2018-07-23 15:39:50,793] CalendarAPI.CalendarApiApplication - Started CalendarApiApplication in 9.212 seconds (JVM running for 10.465)
http-nio-8899-exec-1  INFO [2018-07-23 15:39:54,863] controllers.CalendarController - EventFound: CalendarEvents{id=1, title='Meeting2', eventDate=Wed May 23 08:00:00 EDT 2018, location='Rome', attendeeList=[Sam, Akash], reminderTime=null, reminderSent=false}
http-nio-8899-exec-1  INFO [2018-07-23 15:39:54,877] controllers.CalendarController - EventFound: CalendarEvents{id=2, title='RealMeeting', eventDate=Wed May 23 18:00:00 EDT 2018, location='India', attendeeList=[Khanjan, Sam], reminderTime=null, reminderSent=false}
http-nio-8899-exec-3  INFO [2018-07-23 15:40:08,623] controllers.CalendarController - getEventsforDay() : start Date : Sat Jun 23 00:00:00 EDT 2018, endDate = Sat Jun 23 23:59:59 EDT 2018
http-nio-8899-exec-5  INFO [2018-07-23 15:41:47,452] controllers.CalendarController - getEventsforDay() : start Date : Sat Jun 23 00:00:00 EDT 2018, endDate = Sat Jun 23 23:59:59 EDT 2018
http-nio-8899-exec-6  INFO [2018-07-23 15:42:15,589] controllers.CalendarController - getEventsforDay() : start Date : Sat Jun 23 00:00:00 EDT 2018, endDate = Sat Jun 23 23:59:59 EDT 2018
